CRITICAL - 2022-11-27 03:28:42 --> Undefined array key "name"
in APPPATH\Controllers\Api\EmployeeController.php on line 143.
 1 APPPATH\Controllers\Api\EmployeeController.php(143): CodeIgniter\Debug\Exceptions->errorHandler(2, 'Undefined array key "name"', 'APPPATH\\Controllers\\Api\\EmployeeController.php', 143)
 2 SYSTEMPATH\CodeIgniter.php(896): App\Controllers\Api\EmployeeController->updateEmployee('3')
 3 SYSTEMPATH\CodeIgniter.php(466): CodeIgniter\CodeIgniter->runController(Object(App\Controllers\Api\EmployeeController))
 4 SYSTEMPATH\CodeIgniter.php(349): CodeIgniter\CodeIgniter->handleRequest(null, Object(Config\Cache), false)
 5 FCPATH\index.php(55): CodeIgniter\CodeIgniter->run()
 6 SYSTEMPATH\Commands\Server\rewrite.php(43): require_once('FCPATH\\index.php')
CRITICAL - 2022-11-27 03:37:33 --> Undefined array key "name"
in APPPATH\Controllers\Api\EmployeeController.php on line 143.
 1 APPPATH\Controllers\Api\EmployeeController.php(143): CodeIgniter\Debug\Exceptions->errorHandler(2, 'Undefined array key "name"', 'APPPATH\\Controllers\\Api\\EmployeeController.php', 143)
 2 SYSTEMPATH\CodeIgniter.php(896): App\Controllers\Api\EmployeeController->updateEmployee('3')
 3 SYSTEMPATH\CodeIgniter.php(466): CodeIgniter\CodeIgniter->runController(Object(App\Controllers\Api\EmployeeController))
 4 SYSTEMPATH\CodeIgniter.php(349): CodeIgniter\CodeIgniter->handleRequest(null, Object(Config\Cache), false)
 5 FCPATH\index.php(55): CodeIgniter\CodeIgniter->run()
 6 SYSTEMPATH\Commands\Server\rewrite.php(43): require_once('FCPATH\\index.php')
CRITICAL - 2022-11-27 03:40:15 --> Undefined array key "name"
in APPPATH\Controllers\Api\EmployeeController.php on line 143.
 1 APPPATH\Controllers\Api\EmployeeController.php(143): CodeIgniter\Debug\Exceptions->errorHandler(2, 'Undefined array key "name"', 'APPPATH\\Controllers\\Api\\EmployeeController.php', 143)
 2 SYSTEMPATH\CodeIgniter.php(896): App\Controllers\Api\EmployeeController->updateEmployee('3')
 3 SYSTEMPATH\CodeIgniter.php(466): CodeIgniter\CodeIgniter->runController(Object(App\Controllers\Api\EmployeeController))
 4 SYSTEMPATH\CodeIgniter.php(349): CodeIgniter\CodeIgniter->handleRequest(null, Object(Config\Cache), false)
 5 FCPATH\index.php(55): CodeIgniter\CodeIgniter->run()
 6 SYSTEMPATH\Commands\Server\rewrite.php(43): require_once('FCPATH\\index.php')
CRITICAL - 2022-11-27 03:43:34 --> Undefined array key "name"
in APPPATH\Controllers\Api\EmployeeController.php on line 143.
 1 APPPATH\Controllers\Api\EmployeeController.php(143): CodeIgniter\Debug\Exceptions->errorHandler(2, 'Undefined array key "name"', 'APPPATH\\Controllers\\Api\\EmployeeController.php', 143)
 2 SYSTEMPATH\CodeIgniter.php(896): App\Controllers\Api\EmployeeController->updateEmployee('3')
 3 SYSTEMPATH\CodeIgniter.php(466): CodeIgniter\CodeIgniter->runController(Object(App\Controllers\Api\EmployeeController))
 4 SYSTEMPATH\CodeIgniter.php(349): CodeIgniter\CodeIgniter->handleRequest(null, Object(Config\Cache), false)
 5 FCPATH\index.php(55): CodeIgniter\CodeIgniter->run()
 6 SYSTEMPATH\Commands\Server\rewrite.php(43): require_once('FCPATH\\index.php')
CRITICAL - 2022-11-27 03:48:20 --> Undefined array key "name"
in APPPATH\Controllers\Api\EmployeeController.php on line 143.
 1 APPPATH\Controllers\Api\EmployeeController.php(143): CodeIgniter\Debug\Exceptions->errorHandler(2, 'Undefined array key "name"', 'APPPATH\\Controllers\\Api\\EmployeeController.php', 143)
 2 SYSTEMPATH\CodeIgniter.php(896): App\Controllers\Api\EmployeeController->updateEmployee('3')
 3 SYSTEMPATH\CodeIgniter.php(466): CodeIgniter\CodeIgniter->runController(Object(App\Controllers\Api\EmployeeController))
 4 SYSTEMPATH\CodeIgniter.php(349): CodeIgniter\CodeIgniter->handleRequest(null, Object(Config\Cache), false)
 5 FCPATH\index.php(55): CodeIgniter\CodeIgniter->run()
 6 SYSTEMPATH\Commands\Server\rewrite.php(43): require_once('FCPATH\\index.php')
CRITICAL - 2022-11-27 03:48:28 --> Undefined array key "name"
in APPPATH\Controllers\Api\EmployeeController.php on line 143.
 1 APPPATH\Controllers\Api\EmployeeController.php(143): CodeIgniter\Debug\Exceptions->errorHandler(2, 'Undefined array key "name"', 'APPPATH\\Controllers\\Api\\EmployeeController.php', 143)
 2 SYSTEMPATH\CodeIgniter.php(896): App\Controllers\Api\EmployeeController->updateEmployee('3')
 3 SYSTEMPATH\CodeIgniter.php(466): CodeIgniter\CodeIgniter->runController(Object(App\Controllers\Api\EmployeeController))
 4 SYSTEMPATH\CodeIgniter.php(349): CodeIgniter\CodeIgniter->handleRequest(null, Object(Config\Cache), false)
 5 FCPATH\index.php(55): CodeIgniter\CodeIgniter->run()
 6 SYSTEMPATH\Commands\Server\rewrite.php(43): require_once('FCPATH\\index.php')
CRITICAL - 2022-11-27 03:50:55 --> Undefined array key "name"
in APPPATH\Controllers\Api\EmployeeController.php on line 143.
 1 APPPATH\Controllers\Api\EmployeeController.php(143): CodeIgniter\Debug\Exceptions->errorHandler(2, 'Undefined array key "name"', 'APPPATH\\Controllers\\Api\\EmployeeController.php', 143)
 2 SYSTEMPATH\CodeIgniter.php(896): App\Controllers\Api\EmployeeController->updateEmployee('3')
 3 SYSTEMPATH\CodeIgniter.php(466): CodeIgniter\CodeIgniter->runController(Object(App\Controllers\Api\EmployeeController))
 4 SYSTEMPATH\CodeIgniter.php(349): CodeIgniter\CodeIgniter->handleRequest(null, Object(Config\Cache), false)
 5 FCPATH\index.php(55): CodeIgniter\CodeIgniter->run()
 6 SYSTEMPATH\Commands\Server\rewrite.php(43): require_once('FCPATH\\index.php')
CRITICAL - 2022-11-27 04:22:46 --> Undefined array key "name"
in APPPATH\Controllers\Api\EmployeeController.php on line 143.
 1 APPPATH\Controllers\Api\EmployeeController.php(143): CodeIgniter\Debug\Exceptions->errorHandler(2, 'Undefined array key "name"', 'APPPATH\\Controllers\\Api\\EmployeeController.php', 143)
 2 SYSTEMPATH\CodeIgniter.php(896): App\Controllers\Api\EmployeeController->updateEmployee('3')
 3 SYSTEMPATH\CodeIgniter.php(466): CodeIgniter\CodeIgniter->runController(Object(App\Controllers\Api\EmployeeController))
 4 SYSTEMPATH\CodeIgniter.php(349): CodeIgniter\CodeIgniter->handleRequest(null, Object(Config\Cache), false)
 5 FCPATH\index.php(55): CodeIgniter\CodeIgniter->run()
 6 SYSTEMPATH\Commands\Server\rewrite.php(43): require_once('FCPATH\\index.php')
CRITICAL - 2022-11-27 04:38:16 --> Undefined array key "name"
in APPPATH\Controllers\Api\EmployeeController.php on line 143.
 1 APPPATH\Controllers\Api\EmployeeController.php(143): CodeIgniter\Debug\Exceptions->errorHandler(2, 'Undefined array key "name"', 'APPPATH\\Controllers\\Api\\EmployeeController.php', 143)
 2 SYSTEMPATH\CodeIgniter.php(896): App\Controllers\Api\EmployeeController->updateEmployee('3')
 3 SYSTEMPATH\CodeIgniter.php(466): CodeIgniter\CodeIgniter->runController(Object(App\Controllers\Api\EmployeeController))
 4 SYSTEMPATH\CodeIgniter.php(349): CodeIgniter\CodeIgniter->handleRequest(null, Object(Config\Cache), false)
 5 FCPATH\index.php(55): CodeIgniter\CodeIgniter->run()
 6 SYSTEMPATH\Commands\Server\rewrite.php(43): require_once('FCPATH\\index.php')
CRITICAL - 2022-11-27 05:23:19 --> Undefined variable $request
in APPPATH\Controllers\Api\EmployeeController.php on line 142.
 1 APPPATH\Controllers\Api\EmployeeController.php(142): CodeIgniter\Debug\Exceptions->errorHandler(2, 'Undefined variable $request', 'APPPATH\\Controllers\\Api\\EmployeeController.php', 142)
 2 SYSTEMPATH\CodeIgniter.php(896): App\Controllers\Api\EmployeeController->updateEmployee('3')
 3 SYSTEMPATH\CodeIgniter.php(466): CodeIgniter\CodeIgniter->runController(Object(App\Controllers\Api\EmployeeController))
 4 SYSTEMPATH\CodeIgniter.php(349): CodeIgniter\CodeIgniter->handleRequest(null, Object(Config\Cache), false)
 5 FCPATH\index.php(55): CodeIgniter\CodeIgniter->run()
 6 SYSTEMPATH\Commands\Server\rewrite.php(43): require_once('FCPATH\\index.php')
